日志妮儿日志妮儿
日志妮儿
日志妮儿
日志妮儿
日志妮儿
Message-ID: <84d2fd25a2b18ebee0bb02e01275cd1f@localhost>
Date: Fri, 07 Sep 2018 10:08:51 +0000
Subject: =?utf-8?Q?=E6=B3=A8=E5=86=8C=E6=88=90=E5=8A=9F?=
From: =?utf-8?Q?=E9=83=91=E5=AE=87=E6=A5=A0?= <zhengyunan01@126.com>
To: 1231231 <1231231@123.com>
MIME-Version: 1.0
Content-Type: text/html; charset=utf-8
Content-Transfer-Encoding: quoted-printable

=E6=81=AD=E5=96=9C=E6=B3=A8=E5=86=8C=E6=88=90=E5=8A=9F
Message-ID: <423a841242d68e74bd167760cec12bb6@swift.generated>
Date: Fri, 07 Sep 2018 10:08:51 +0000
Subject: =?utf-8?Q?=E6=AC=A2=E8=BF=8E=E5=8A=A0=E5=85=A5?=
 =?utf-8?Q?=E5=85=A8=E6=A0=88=E4=B8=80=E8=88=AC?=
From: =?utf-8?Q?=E9=83=91=E5=AE=87=E6=A5=A0?= <zhengyunan01@126.com>
To: 1231231 <1231231@123.com>
MIME-Version: 1.0
Content-Type: text/html; charset=utf-8
Content-Transfer-Encoding: quoted-printable

=E7=82=B9=E5=87=BB=E4=BB=A5=E4=B8=8B=E6=8C=89=E9=92=AE=E8=BF=9B=E8=A1=8C=
=E6=BF=80=E6=B4=BB<br><a href =3D''=E7=82=B9=E5=87=BB=E6=BF=80=E6=B4=BB</a>
Message-ID: <f58d6eca915eda3a9844bce338cd6bd4@swift.generated>
Date: Fri, 07 Sep 2018 10:13:52 +0000
Subject: =?utf-8?Q?=E6=AC=A2=E8=BF=8E=E5=8A=A0=E5=85=A5?=
 =?utf-8?Q?=E5=85=A8=E6=A0=88=E4=B8=80=E8=88=AC?=
From: =?utf-8?Q?=E9=83=91=E5=AE=87=E6=A5=A0?= <zhengyunan01@126.com>
To: zuyuu <zuyuu@126.com>
MIME-Version: 1.0
Content-Type: text/html; charset=utf-8
Content-Transfer-Encoding: quoted-printable

=E7=82=B9=E5=87=BB=E4=BB=A5=E4=B8=8B=E6=8C=89=E9=92=AE=E8=BF=9B=E8=A1=8C=
=E6=BF=80=E6=B4=BB<br><a href =3D''=E7=82=B9=E5=87=BB=E6=BF=80=E6=B4=BB</a>
2018-09-07 10:31:31
========================================================================================================================
日志妮儿

2018-09-07 11:24:30
========================================================================================================================
Message-ID: <124b1cc9daef64ab516954cae1c74893@localhost>
Date: Fri, 07 Sep 2018 11:24:30 +0000
Subject: =?utf-8?Q?=E6=B3=A8=E5=86=8C=E6=88=90=E5=8A=9F?=
From: =?utf-8?Q?=E9=83=91=E5=AE=87=E6=A5=A0?= <zhengyunan01@126.com>
To: wewew <wewew@126.com>
MIME-Version: 1.0
Content-Type: text/html; charset=utf-8
Content-Transfer-Encoding: quoted-printable

=E6=81=AD=E5=96=9C=E6=B3=A8=E5=86=8C=E6=88=90=E5=8A=9F

2018-09-07 11:26:48
========================================================================================================================
Message-ID: <fbb053e320c158cc9a895132cbbc04bf@swift.generated>
Date: Fri, 07 Sep 2018 11:26:48 +0000
Subject: =?utf-8?Q?=E6=AC=A2=E8=BF=8E=E5=8A=A0=E5=85=A5?=
 =?utf-8?Q?=E5=85=A8=E6=A0=88=E4=B8=80=E8=88=AC?=
From: =?utf-8?Q?=E9=83=91=E5=AE=87=E6=A5=A0?= <zhengyunan01@126.com>
To: zhengyu <zhengyu@126.com>
MIME-Version: 1.0
Content-Type: text/html; charset=utf-8
Content-Transfer-Encoding: quoted-printable

=E7=82=B9=E5=87=BB=E4=BB=A5=E4=B8=8B=E6=8C=89=E9=92=AE=E8=BF=9B=E8=A1=8C=
=E6=BF=80=E6=B4=BB<br><a href =3D''=E7=82=B9=E5=87=BB=E6=BF=80=E6=B4=BB</a>

2018-09-07 11:26:48
========================================================================================================================
Message-ID: <4fe36fc732d848675463a6e2f59db3a4@localhost>
Date: Fri, 07 Sep 2018 11:26:48 +0000
Subject: =?utf-8?Q?=E6=B3=A8=E5=86=8C=E6=88=90=E5=8A=9F?=
From: =?utf-8?Q?=E9=83=91=E5=AE=87=E6=A5=A0?= <zhengyunan01@126.com>
To: zhengyu <zhengyu@126.com>
MIME-Version: 1.0
Content-Type: text/html; charset=utf-8
Content-Transfer-Encoding: quoted-printable

=E6=81=AD=E5=96=9C=E6=B3=A8=E5=86=8C=E6=88=90=E5=8A=9F

2018-09-07 12:50:57
========================================================================================================================
Message-ID: <6396749765de73f2eac432b4f6b69b7c@swift.generated>
Date: Fri, 07 Sep 2018 12:50:57 +0000
Subject: =?utf-8?Q?=E6=B2=BB=E7=96=97=E7=B3=BB=E7=BB=9F?=
 =?utf-8?Q?=E8=B4=A6=E5=8F=B7=E6=BF=80=E6=B4=BB?=
From: =?utf-8?Q?=E9=83=91=E5=AE=87=E6=A5=A0?= <zhengyunan01@126.com>
To: 123123 <123123@126.com>
MIME-Version: 1.0
Content-Type: text/html; charset=utf-8
Content-Transfer-Encoding: quoted-printable

=E7=82=B9=E5=87=BB=E4=BB=A5=E4=B8=8B=E6=8C=89=E9=92=AE=E8=BF=9B=E8=A1=8C=
=E6=BF=80=E6=B4=BB<br>=E6=BF=80=E6=B4=BB=E7=A0=81=E6=98=AF:b079ec4c72b94420=
282bf9b0b544133d

2018-09-07 12:50:57
========================================================================================================================
Message-ID: <5e1e4447ebfd0fd8939655a479f9e7a6@swift.generated>
Date: Fri, 07 Sep 2018 12:50:57 +0000
Subject: =?utf-8?Q?=E6=B2=BB=E7=96=97=E7=B3=BB=E7=BB=9F?=
 =?utf-8?Q?=E8=B4=A6=E5=8F=B7=E6=BF=80=E6=B4=BB?=
From: =?utf-8?Q?=E9=83=91=E5=AE=87=E6=A5=A0?= <zhengyunan01@126.com>
To: 5555 <5555@126.com>
MIME-Version: 1.0
Content-Type: text/html; charset=utf-8
Content-Transfer-Encoding: quoted-printable

=E7=82=B9=E5=87=BB=E4=BB=A5=E4=B8=8B=E6=8C=89=E9=92=AE=E8=BF=9B=E8=A1=8C=
=E6=BF=80=E6=B4=BB<br>=E6=BF=80=E6=B4=BB=E7=A0=81=E6=98=AF:d7df9a10a3bb2c94=
ef6f35d90282702f

2018-09-07 12:51:10
========================================================================================================================
Message-ID: <0455bcfd1aefe352710e94b7b8f76afb@swift.generated>
Date: Fri, 07 Sep 2018 12:51:10 +0000
Subject: =?utf-8?Q?=E6=B2=BB=E7=96=97=E7=B3=BB=E7=BB=9F?=
 =?utf-8?Q?=E8=B4=A6=E5=8F=B7=E6=BF=80=E6=B4=BB?=
From: =?utf-8?Q?=E9=83=91=E5=AE=87=E6=A5=A0?= <zhengyunan01@126.com>
To: 5555 <5555@126.com>
MIME-Version: 1.0
Content-Type: text/html; charset=utf-8
Content-Transfer-Encoding: quoted-printable

=E7=82=B9=E5=87=BB=E4=BB=A5=E4=B8=8B=E6=8C=89=E9=92=AE=E8=BF=9B=E8=A1=8C=
=E6=BF=80=E6=B4=BB<br>=E6=BF=80=E6=B4=BB=E7=A0=81=E6=98=AF:54b352116069f22a=
7b46fb2e2917732a

